<?xml version="1.0" encoding="UTF-8"?>
<testng-results ignored="0" total="2" passed="1" failed="1" skipped="0">
  <reporter-output>
  </reporter-output>
  <suite started-at="2023-09-16T00:12:33 SAST" name="Default suite" finished-at="2023-09-16T00:12:38 SAST" duration-ms="4401">
    <groups>
    </groups>
    <test started-at="2023-09-16T00:12:33 SAST" name="Default test" finished-at="2023-09-16T00:12:38 SAST" duration-ms="4401">
      <class name="tests.Tests">
        <test-method is-config="true" signature="setup()[pri:0, instance:tests.Tests@5a5c128]" started-at="2023-09-16T00:12:33 SAST" name="setup" finished-at="2023-09-16T00:12:35 SAST" duration-ms="2104" status="PASS">
          <reporter-output>
          </reporter-output>
        </test-method> <!-- setup -->
        <test-method signature="dataDepletion()[pri:0, instance:tests.Tests@5a5c128]" started-at="2023-09-16T00:12:36 SAST" name="dataDepletion" finished-at="2023-09-16T00:12:38 SAST" duration-ms="2253" status="PASS">
          <reporter-output>
          </reporter-output>
        </test-method> <!-- dataDepletion -->
        <test-method signature="voiceDepletion()[pri:0, instance:tests.Tests@5a5c128]" started-at="2023-09-16T00:12:38 SAST" name="voiceDepletion" finished-at="2023-09-16T00:12:38 SAST" duration-ms="3" status="FAIL">
          <exception class="org.openqa.selenium.NoSuchSessionException">
            <message>
              <![CDATA[Session ID is null. Using WebDriver after calling quit()?
Build info: version: '4.12.1', revision: '8e34639b11'
System info: os.name: 'Windows 11', os.arch: 'amd64', os.version: '10.0', java.version: '18.0.2.1'
Driver info: org.openqa.selenium.chrome.ChromeDriver
Command: [null, get {url=http://www.calculator.net/}]
Capabilities {acceptInsecureCerts: false, browserName: chrome, browserVersion: 116.0.5845.188, chrome: {chromedriverVersion: 116.0.5845.96 (1a3918166880..., userDataDir: C:\Users\REVIVA~1.BVU\AppDa...}, fedcm:accounts: true, goog:chromeOptions: {debuggerAddress: localhost:54622}, networkConnectionEnabled: false, pageLoadStrategy: normal, platformName: windows, proxy: Proxy(), se:cdp: ws://localhost:54622/devtoo..., se:cdpVersion: 116.0.5845.188, setWindowRect: true, strictFileInteractability: false, timeouts: {implicit: 0, pageLoad: 300000, script: 30000}, unhandledPromptBehavior: dismiss and notify, webauthn:extension:credBlob: true, webauthn:extension:largeBlob: true, webauthn:extension:minPinLength: true, webauthn:extension:prf: true, webauthn:virtualAuthenticators: true}]]>
            </message>
            <full-stacktrace>
              <![CDATA[org.openqa.selenium.NoSuchSessionException: Session ID is null. Using WebDriver after calling quit()?
Build info: version: '4.12.1', revision: '8e34639b11'
System info: os.name: 'Windows 11', os.arch: 'amd64', os.version: '10.0', java.version: '18.0.2.1'
Driver info: org.openqa.selenium.chrome.ChromeDriver
Command: [null, get {url=http://www.calculator.net/}]
Capabilities {acceptInsecureCerts: false, browserName: chrome, browserVersion: 116.0.5845.188, chrome: {chromedriverVersion: 116.0.5845.96 (1a3918166880..., userDataDir: C:\Users\REVIVA~1.BVU\AppDa...}, fedcm:accounts: true, goog:chromeOptions: {debuggerAddress: localhost:54622}, networkConnectionEnabled: false, pageLoadStrategy: normal, platformName: windows, proxy: Proxy(), se:cdp: ws://localhost:54622/devtoo..., se:cdpVersion: 116.0.5845.188, setWindowRect: true, strictFileInteractability: false, timeouts: {implicit: 0, pageLoad: 300000, script: 30000}, unhandledPromptBehavior: dismiss and notify, webauthn:extension:credBlob: true, webauthn:extension:largeBlob: true, webauthn:extension:minPinLength: true, webauthn:extension:prf: true, webauthn:virtualAuthenticators: true}
at org.openqa.selenium.remote.HttpCommandExecutor.execute(HttpCommandExecutor.java:152)
at org.openqa.selenium.remote.service.DriverCommandExecutor.invokeExecute(DriverCommandExecutor.java:196)
at org.openqa.selenium.remote.service.DriverCommandExecutor.execute(DriverCommandExecutor.java:171)
at org.openqa.selenium.remote.RemoteWebDriver.execute(RemoteWebDriver.java:602)
at org.openqa.selenium.remote.RemoteWebDriver.get(RemoteWebDriver.java:304)
at org.openqa.selenium.remote.RemoteWebDriver$RemoteNavigation.to(RemoteWebDriver.java:1091)
at tests.Tests.voiceDepletion(Tests.java:20)
at java.base/jdk.internal.reflect.DirectMethodHandleAccessor.invoke(DirectMethodHandleAccessor.java:104)
at java.base/java.lang.reflect.Method.invoke(Method.java:577)
at org.testng.internal.invokers.MethodInvocationHelper.invokeMethod(MethodInvocationHelper.java:139)
at org.testng.internal.invokers.TestInvoker.invokeMethod(TestInvoker.java:677)
at org.testng.internal.invokers.TestInvoker.invokeTestMethod(TestInvoker.java:221)
at org.testng.internal.invokers.MethodRunner.runInSequence(MethodRunner.java:50)
at org.testng.internal.invokers.TestInvoker$MethodInvocationAgent.invoke(TestInvoker.java:969)
at org.testng.internal.invokers.TestInvoker.invokeTestMethods(TestInvoker.java:194)
at org.testng.internal.invokers.TestMethodWorker.invokeTestMethods(TestMethodWorker.java:148)
at org.testng.internal.invokers.TestMethodWorker.run(TestMethodWorker.java:128)
at java.base/java.util.ArrayList.forEach(ArrayList.java:1511)
at org.testng.TestRunner.privateRun(TestRunner.java:829)
at org.testng.TestRunner.run(TestRunner.java:602)
at org.testng.SuiteRunner.runTest(SuiteRunner.java:437)
at org.testng.SuiteRunner.runSequentially(SuiteRunner.java:431)
at org.testng.SuiteRunner.privateRun(SuiteRunner.java:391)
at org.testng.SuiteRunner.run(SuiteRunner.java:330)
at org.testng.SuiteRunnerWorker.runSuite(SuiteRunnerWorker.java:52)
at org.testng.SuiteRunnerWorker.run(SuiteRunnerWorker.java:95)
at org.testng.TestNG.runSuitesSequentially(TestNG.java:1256)
at org.testng.TestNG.runSuitesLocally(TestNG.java:1176)
at org.testng.TestNG.runSuites(TestNG.java:1099)
at org.testng.TestNG.run(TestNG.java:1067)
at org.testng.remote.AbstractRemoteTestNG.run(AbstractRemoteTestNG.java:115)
at org.testng.remote.RemoteTestNG.initAndRun(RemoteTestNG.java:251)
at org.testng.remote.RemoteTestNG.main(RemoteTestNG.java:77)
]]>
            </full-stacktrace>
          </exception> <!-- org.openqa.selenium.NoSuchSessionException -->
          <reporter-output>
          </reporter-output>
        </test-method> <!-- voiceDepletion -->
        <test-method is-config="true" signature="tearDown()[pri:0, instance:tests.Tests@5a5c128]" started-at="2023-09-16T00:12:38 SAST" name="tearDown" finished-at="2023-09-16T00:12:38 SAST" duration-ms="1" status="PASS">
          <reporter-output>
          </reporter-output>
        </test-method> <!-- tearDown -->
      </class> <!-- tests.Tests -->
    </test> <!-- Default test -->
  </suite> <!-- Default suite -->
</testng-results>
